<?xml version="1.0" encoding="UTF-8"?>
<!-- Generated by org.testng.reporters.JUnitReportReporter -->
<testsuite hostname="DESKTOP-JBR7PPU" failures="0" tests="1" name="Demo.Elements" time="72.374" errors="0" timestamp="2024-06-05T13:41:00 IST" skipped="0">
  <testcase classname="Demo.Elements" name="Testing" time="72.374"/>
  <system-out/>
</testsuite> <!-- Demo.Elements -->
