<?xml version="1.0" encoding="UTF-8"?>
<!-- Generated by org.testng.reporters.JUnitReportReporter -->
<testsuite hostname="DESKTOP-JBR7PPU" failures="0" tests="1" name="Project.Elements" time="16.935" errors="0" timestamp="2024-01-06T15:29:26 IST" skipped="0">
  <testcase classname="Project.Elements" name="Testing" time="16.935"/>
  <system-out/>
</testsuite> <!-- Project.Elements -->
