<?xml version="1.0" encoding="UTF-8"?>
<!-- Generated by org.testng.reporters.JUnitReportReporter -->
<testsuite hostname="DESKTOP-JBR7PPU" failures="0" tests="1" name="Project.TeastCase1" time="25.340" errors="0" timestamp="2024-01-06T15:07:09 IST" skipped="0">
  <testcase classname="Project.TeastCase1" name="Testing" time="25.340"/>
  <system-out/>
</testsuite> <!-- Project.TeastCase1 -->
