<?xml version="1.0" encoding="UTF-8"?>
<!-- Generated by org.testng.reporters.JUnitReportReporter -->
<testsuite hostname="DESKTOP-JBR7PPU" failures="0" tests="1" name="Project.Testing" time="0.029" errors="0" timestamp="2023-12-11T13:43:01 IST" skipped="0">
  <testcase classname="Project.Testing" name="Testing" time="0.029"/>
  <system-out/>
</testsuite> <!-- Project.Testing -->
